<?xml version="1.0" encoding="UTF-8"?>
<!-- Generated by org.testng.reporters.JUnitReportReporter -->
<testsuite hostname="EPUAKHAW0866" name="Test_b" tests="3" failures="0" timestamp="24 Apr 2015 14:26:03 GMT" time="0.003" errors="0">
  <testcase name="testTest_b" time="0.001" classname="Test_b"/>
  <testcase name="testTest_a" time="0.001" classname="Test_b"/>
  <testcase name="testTest_c" time="0.001" classname="Test_b"/>
</testsuite> <!-- Test_b -->
